<?xml version="1.0" encoding="UTF-8"?>
<testng-results ignored="0" total="1" passed="1" failed="0" skipped="0">
  <reporter-output>
  </reporter-output>
  <suite started-at="2025-11-21T15:07:16 IST" name="Default suite" finished-at="2025-11-21T15:07:34 IST" duration-ms="17765">
    <groups>
    </groups>
    <test started-at="2025-11-21T15:07:16 IST" name="Default test" finished-at="2025-11-21T15:07:34 IST" duration-ms="17765">
      <class name="com.yatra.automation.YatraAutomationScript">
        <test-method signature="launchBrowser()[pri:0, instance:com.yatra.automation.YatraAutomationScript@7bedc48a]" started-at="2025-11-21T15:07:16 IST" name="launchBrowser" finished-at="2025-11-21T15:07:34 IST" duration-ms="17648" status="PASS">
          <reporter-output>
          </reporter-output>
        </test-method> <!-- launchBrowser -->
      </class> <!-- com.yatra.automation.YatraAutomationScript -->
    </test> <!-- Default test -->
  </suite> <!-- Default suite -->
</testng-results>
